INFO  22-12-05 02:46:20[12540] [Version:21] - HV000001: Hibernate Validator 6.2.5.Final
INFO  22-12-05 02:46:20[12540] [BanjeomApplication:55] - Starting BanjeomApplication using Java 17.0.4.1 on LAPTOP-E1SPMMNT with PID 12540 (C:\Users\ey611\develop\banjeom\build\classes\java\main started by ey611 in C:\Users\ey611\develop\banjeom)
INFO  22-12-05 02:46:20[12540] [BanjeomApplication:634] - No active profile set, falling back to 1 default profile: "default"
INFO  22-12-05 02:46:22[12540] [RepositoryConfigurationDelegate:262] - Multiple Spring Data modules found, entering strict repository configuration mode
INFO  22-12-05 02:46:22[12540] [RepositoryConfigurationDelegate:132] - Bootstrapping Spring Data JPA repositories in DEFAULT mode.
INFO  22-12-05 02:46:23[12540] [RepositoryConfigurationDelegate:201] - Finished Spring Data repository scanning in 197 ms. Found 1 JPA repository interfaces.
INFO  22-12-05 02:46:23[12540] [RepositoryConfigurationDelegate:262] - Multiple Spring Data modules found, entering strict repository configuration mode
INFO  22-12-05 02:46:23[12540] [RepositoryConfigurationDelegate:132] - Bootstrapping Spring Data Redis repositories in DEFAULT mode.
INFO  22-12-05 02:46:23[12540] [RepositoryConfigurationExtensionSupport:349] - Spring Data Redis - Could not safely identify store assignment for repository candidate interface com.pack_s.hongkong_banjeom.coupon.infra.persistence.CouponJpaRepository; If you want this repository to be a Redis repository, consider annotating your entities with one of these annotations: org.springframework.data.redis.core.RedisHash (preferred), or consider extending one of the following types with your repository: org.springframework.data.keyvalue.repository.KeyValueRepository
INFO  22-12-05 02:46:23[12540] [RepositoryConfigurationDelegate:201] - Finished Spring Data repository scanning in 42 ms. Found 0 Redis repository interfaces.
INFO  22-12-05 02:46:24[12540] [TomcatWebServer:108] - Tomcat initialized with port(s): 8080 (http)
INFO  22-12-05 02:46:24[12540] [Http11NioProtocol:173] - Initializing ProtocolHandler ["http-nio-8080"]
INFO  22-12-05 02:46:24[12540] [StandardService:173] - Starting service [Tomcat]
INFO  22-12-05 02:46:24[12540] [StandardEngine:173] - Starting Servlet engine: [Apache Tomcat/9.0.68]
INFO  22-12-05 02:46:25[12540] [[/]:173] - Initializing Spring embedded WebApplicationContext
INFO  22-12-05 02:46:25[12540] [ServletWebServerApplicationContext:292] - Root WebApplicationContext: initialization completed in 4580 ms
INFO  22-12-05 02:46:26[12540] [LogHelper:31] - HHH000204: Processing PersistenceUnitInfo [name: default]
INFO  22-12-05 02:46:26[12540] [Version:44] - HHH000412: Hibernate ORM core version 5.6.12.Final
INFO  22-12-05 02:46:27[12540] [Version:56] - HCANN000001: Hibernate Commons Annotations {5.1.2.Final}
INFO  22-12-05 02:46:27[12540] [HikariDataSource:110] - HikariPool-1 - Starting...
INFO  22-12-05 02:46:27[12540] [HikariDataSource:123] - HikariPool-1 - Start completed.
INFO  22-12-05 02:46:28[12540] [Dialect:175] - HHH000400: Using dialect: org.hibernate.dialect.H2Dialect
INFO  22-12-05 02:46:31[12540] [JtaPlatformInitiator:52] - HHH000490: Using JtaPlatform implementation: [org.hibernate.engine.transaction.jta.platform.internal.NoJtaPlatform]
INFO  22-12-05 02:46:31[12540] [LocalContainerEntityManagerFactoryBean:437] - Initialized JPA EntityManagerFactory for persistence unit 'default'
INFO  22-12-05 02:46:37[12540] [Http11NioProtocol:173] - Starting ProtocolHandler ["http-nio-8080"]
INFO  22-12-05 02:46:37[12540] [TomcatWebServer:220] - Tomcat started on port(s): 8080 (http) with context path ''
INFO  22-12-05 02:46:37[12540] [BanjeomApplication:61] - Started BanjeomApplication in 17.637 seconds (JVM running for 20.145)
INFO  22-12-05 02:50:51[12540] [LocalContainerEntityManagerFactoryBean:651] - Closing JPA EntityManagerFactory for persistence unit 'default'
INFO  22-12-05 02:50:51[12540] [HikariDataSource:350] - HikariPool-1 - Shutdown initiated...
INFO  22-12-05 02:50:51[12540] [HikariDataSource:352] - HikariPool-1 - Shutdown completed.
